Determining if the pthread_create exist failed with the following output:
Change Dir: /home/zmz/CLionProjects/rshell/cmake-build-debug/CMakeFiles/CMakeTmp

Run Build Command:"/usr/bin/make" "cmTC_37b52/fast"
/usr/bin/make -f CMakeFiles/cmTC_37b52.dir/build.make CMakeFiles/cmTC_37b52.dir/build
make[1]: 进入目录“/home/zmz/CLionProjects/rshell/cmake-build-debug/CMakeFiles/CMakeTmp”
Building C object CMakeFiles/cmTC_37b52.dir/CheckSymbolExists.c.o
/usr/bin/cc    -o CMakeFiles/cmTC_37b52.dir/CheckSymbolExists.c.o   -c /home/zmz/CLionProjects/rshell/cmake-build-debug/CMakeFiles/CMakeTmp/CheckSymbolExists.c
Linking C executable cmTC_37b52
/usr/local/clion-2018.3.2/bin/cmake/linux/bin/cmake -E cmake_link_script CMakeFiles/cmTC_37b52.dir/link.txt --verbose=1
/usr/bin/cc      -rdynamic CMakeFiles/cmTC_37b52.dir/CheckSymbolExists.c.o  -o cmTC_37b52 
/usr/bin/ld: CMakeFiles/cmTC_37b52.dir/CheckSymbolExists.c.o: in function `main':
CheckSymbolExists.c:(.text+0x1b): undefined reference to `pthread_create'
collect2: error: ld returned 1 exit status
make[1]: *** [CMakeFiles/cmTC_37b52.dir/build.make:87：cmTC_37b52] 错误 1
make[1]: 离开目录“/home/zmz/CLionProjects/rshell/cmake-build-debug/CMakeFiles/CMakeTmp”
make: *** [Makefile:121：cmTC_37b52/fast] 错误 2

File /home/zmz/CLionProjects/rshell/cmake-build-debug/CMakeFiles/CMakeTmp/CheckSymbolExists.c:
/* */
#include <pthread.h>

int main(int argc, char** argv)
{
  (void)argv;
#ifndef pthread_create
  return ((int*)(&pthread_create))[argc];
#else
  (void)argc;
  return 0;
#endif
}

